<?xml version="1.0" encoding="UTF-8"?>
<testsuite xmlns:xsi="http://www.w3.org/2001/XMLSchema-instance" xsi:noNamespaceSchemaLocation="https://maven.apache.org/surefire/maven-surefire-plugin/xsd/surefire-test-report-3.0.xsd" version="3.0" name="runners.TestRunner" time="206.189" tests="4" errors="0" skipped="0" failures="0">
  <properties>
[...]
</properties>
  <testcase name="Login Page wird korrekt geladen" classname="Navigation to login page" time="50.187">
    <system-out><![CDATA[
Scenario: Login Page wird korrekt geladen             # src/test/resources/features/Connexion.feature:7
  Given der Benutzer befindet sich auf der Startseite # stepdefinitions.TutorHubSteps.givenDerBenutzerBefindetSichAufDerStartseite()
  When der Benutzer klickt auf den Connexion Button   # stepdefinitions.ConnexionSteps.derBenutzerKlicktAufDenConnexionButton()
Der Connexion Titel ist korrekt: Connexion
  Then sollte der Titel "Connexion" angezeigt werden  # stepdefinitions.ConnexionSteps.sollteDerConnexionTitelAngezeigtWerden(java.lang.String)
]]></system-out>
  </testcase>
  <testcase name="fehlgeschlagene Connexion" classname="Navigation to login page" time="49.797">
    <system-out><![CDATA[
Scenario: fehlgeschlagene Connexion                                                     # src/test/resources/features/Connexion.feature:10
  Given der Benutzer befindet sich auf der Startseite                                   # stepdefinitions.TutorHubSteps.givenDerBenutzerBefindetSichAufDerStartseite()
  When der Benutzer klickt auf den Connexion Button                                     # stepdefinitions.ConnexionSteps.derBenutzerKlicktAufDenConnexionButton()
  When der Benutzer gibt die E-mail "tester@exemple" und das Passwort "Monnumero++" ein # stepdefinitions.ConnexionSteps.derBenutzerGibtDieEMailUndDasPasswortEin(java.lang.String,java.lang.String)
  And der Benutzer klickt auf "Se Connecter"                                            # stepdefinitions.ConnexionSteps.derBenutzerKlicktAufDenSeConnecterButton()
Die Fehlermeldung ist korrekt: Erreur de connexion. Vérifiez vos identifiants.
  Then sollte die Fehlermeldung "Erreur de connexion" angezeigt werden                  # stepdefinitions.ConnexionSteps.sollteDieFehlermeldungErreurDeConnexionAngezeigtWerden()
]]></system-out>
  </testcase>
  <testcase name="fehlgeschlagene Registrierung" classname="Inscription" time="81.029">
    <system-out><![CDATA[
Scenario: fehlgeschlagene Registrierung                                  # src/test/resources/features/Inscription.feature:8
  Given der Benutzer befindet sich auf der Startseite                    # stepdefinitions.TutorHubSteps.givenDerBenutzerBefindetSichAufDerStartseite()
  When der Benutzer klickt auf den Connexion Button                      # stepdefinitions.ConnexionSteps.derBenutzerKlicktAufDenConnexionButton()
Der Connexion Titel ist korrekt: Connexion
  Then sollte der Titel "Connexion" angezeigt werden                     # stepdefinitions.ConnexionSteps.sollteDerConnexionTitelAngezeigtWerden(java.lang.String)
  When der Benutzer auf "Creer un Compte" klickt                         # stepdefinitions.InscriptionSteps.derBenutzerKlicktAufDenInscriptionButton()
  And der Benutzer den Kontotyp "Eleve" auswaehlt                        # stepdefinitions.InscriptionSteps.andDerBenutzerDenKontotypEleveAuswaehlt()
  And der Benutzer den Benuternamen "JohnDoe" eingibt                    # stepdefinitions.InscriptionSteps.andDerBenutzerDenBenuternamenJohnDoeEingibt()
  And der Benutzer die E-mail "test@exemple" eingibt                     # stepdefinitions.InscriptionSteps.andDerBenutzerDieEMailTestTutorComEingibt()
  And der Benutzer das Passwort "Monnumero++" eingibt                    # stepdefinitions.InscriptionSteps.andDerBenutzerDasPasswortMonnumeroEingibt()
  And der Benutzer das Passwort "Monnumero++" bestaetigt                 # stepdefinitions.InscriptionSteps.andDerBenutzerDasBestaetigteMotDePasseMonnumeroEingibt()
  And der Benutzer auf "Creer mon Compte" klickt                         # stepdefinitions.InscriptionSteps.andDerBenutzerAufCreerMonCompteKlickt()
Die Fehlermeldung ist korrekt: Erreur d'inscription. Veuillez réessayer.
  Then sollte die Fehlermeldung "Erreur d'inscription." angezeigt werden # stepdefinitions.InscriptionSteps.thenSollteDieFehlermeldungErreurDInscriptionAngezeigtWerden()
]]></system-out>
  </testcase>
  <testcase name="Homepage wird korrekt geladen" classname="TutorHub Homepage" time="22.028">
    <system-out><![CDATA[
Scenario: Homepage wird korrekt geladen                                          # src/test/resources/features/tutorhub.feature:2
  Given der Benutzer befindet sich auf der Startseite                            # stepdefinitions.TutorHubSteps.givenDerBenutzerBefindetSichAufDerStartseite()
Der Oberbegriff ist korrekt: Réussissez vos examens avec les meilleurs répétiteurs à Yaoundé et Douala
  Then sollte "vos examens avec les meilleurs" in dem Oberbegriff enthalten sein # stepdefinitions.TutorHubSteps.sollte_in_dem_oberbegriff_enthalten_sein(java.lang.String)
'Rechercher' Button sichtbar: true
  And ein "Rechercher" Button sollte sichtbar sein                               # stepdefinitions.TutorHubSteps.andEinEspaceRepetiteurLinkOderEinRechercherButtonSollteSichtbarSein(java.lang.String)
]]></system-out>
  </testcase>
</testsuite>